<?xml version="1.0" encoding="UTF-8"?>
<testng-results ignored="0" total="6" passed="6" failed="0" skipped="0">
  <reporter-output>
  </reporter-output>
  <suite started-at="2023-04-22T07:03:39 IST" name="Default suite" finished-at="2023-04-22T07:03:43 IST" duration-ms="4121">
    <groups>
    </groups>
    <test started-at="2023-04-22T07:03:39 IST" name="Default test" finished-at="2023-04-22T07:03:43 IST" duration-ms="4121">
      <class name="com.Hybridframework">
        <test-method signature="test(java.lang.String,java.lang.String,java.lang.String,java.lang.String,java.lang.String)[pri:0, instance:com.Hybridframework@7f3b84b8]" started-at="2023-04-22T07:03:40 IST" name="test" data-provider="dp" finished-at="2023-04-22T07:03:42 IST" duration-ms="1830" status="PASS">
          <params>
            <param index="0">
              <value>
                <![CDATA[launch browser]]>
              </value>
            </param>
            <param index="1">
              <value>
                <![CDATA[browser]]>
              </value>
            </param>
            <param index="2">
              <value>
                <![CDATA[NA]]>
              </value>
            </param>
            <param index="3">
              <value>
                <![CDATA[NA]]>
              </value>
            </param>
            <param index="4">
              <value>
                <![CDATA[chrome]]>
              </value>
            </param>
          </params>
          <reporter-output>
          </reporter-output>
        </test-method> <!-- test -->
        <test-method signature="test(java.lang.String,java.lang.String,java.lang.String,java.lang.String,java.lang.String)[pri:0, instance:com.Hybridframework@7f3b84b8]" started-at="2023-04-22T07:03:42 IST" name="test" data-provider="dp" finished-at="2023-04-22T07:03:42 IST" duration-ms="293" status="PASS">
          <params>
            <param index="0">
              <value>
                <![CDATA[open url]]>
              </value>
            </param>
            <param index="1">
              <value>
                <![CDATA[url]]>
              </value>
            </param>
            <param index="2">
              <value>
                <![CDATA[NA]]>
              </value>
            </param>
            <param index="3">
              <value>
                <![CDATA[NA]]>
              </value>
            </param>
            <param index="4">
              <value>
                <![CDATA[https://topsint.com/topserp/index.php]]>
              </value>
            </param>
          </params>
          <reporter-output>
          </reporter-output>
        </test-method> <!-- test -->
        <test-method signature="test(java.lang.String,java.lang.String,java.lang.String,java.lang.String,java.lang.String)[pri:0, instance:com.Hybridframework@7f3b84b8]" started-at="2023-04-22T07:03:42 IST" name="test" data-provider="dp" finished-at="2023-04-22T07:03:42 IST" duration-ms="162" status="PASS">
          <params>
            <param index="0">
              <value>
                <![CDATA[select role]]>
              </value>
            </param>
            <param index="1">
              <value>
                <![CDATA[select]]>
              </value>
            </param>
            <param index="2">
              <value>
                <![CDATA[id]]>
              </value>
            </param>
            <param index="3">
              <value>
                <![CDATA[lutype]]>
              </value>
            </param>
            <param index="4">
              <value>
                <![CDATA[Faculty]]>
              </value>
            </param>
          </params>
          <reporter-output>
          </reporter-output>
        </test-method> <!-- test -->
        <test-method signature="test(java.lang.String,java.lang.String,java.lang.String,java.lang.String,java.lang.String)[pri:0, instance:com.Hybridframework@7f3b84b8]" started-at="2023-04-22T07:03:42 IST" name="test" data-provider="dp" finished-at="2023-04-22T07:03:42 IST" duration-ms="118" status="PASS">
          <params>
            <param index="0">
              <value>
                <![CDATA[username]]>
              </value>
            </param>
            <param index="1">
              <value>
                <![CDATA[type]]>
              </value>
            </param>
            <param index="2">
              <value>
                <![CDATA[name]]>
              </value>
            </param>
            <param index="3">
              <value>
                <![CDATA[l_username]]>
              </value>
            </param>
            <param index="4">
              <value>
                <![CDATA[test]]>
              </value>
            </param>
          </params>
          <reporter-output>
          </reporter-output>
        </test-method> <!-- test -->
        <test-method signature="test(java.lang.String,java.lang.String,java.lang.String,java.lang.String,java.lang.String)[pri:0, instance:com.Hybridframework@7f3b84b8]" started-at="2023-04-22T07:03:42 IST" name="test" data-provider="dp" finished-at="2023-04-22T07:03:43 IST" duration-ms="90" status="PASS">
          <params>
            <param index="0">
              <value>
                <![CDATA[pass]]>
              </value>
            </param>
            <param index="1">
              <value>
                <![CDATA[type]]>
              </value>
            </param>
            <param index="2">
              <value>
                <![CDATA[name]]>
              </value>
            </param>
            <param index="3">
              <value>
                <![CDATA[l_password]]>
              </value>
            </param>
            <param index="4">
              <value>
                <![CDATA[test]]>
              </value>
            </param>
          </params>
          <reporter-output>
          </reporter-output>
        </test-method> <!-- test -->
        <test-method signature="test(java.lang.String,java.lang.String,java.lang.String,java.lang.String,java.lang.String)[pri:0, instance:com.Hybridframework@7f3b84b8]" started-at="2023-04-22T07:03:43 IST" name="test" data-provider="dp" finished-at="2023-04-22T07:03:43 IST" duration-ms="179" status="PASS">
          <params>
            <param index="0">
              <value>
                <![CDATA[login]]>
              </value>
            </param>
            <param index="1">
              <value>
                <![CDATA[click]]>
              </value>
            </param>
            <param index="2">
              <value>
                <![CDATA[name]]>
              </value>
            </param>
            <param index="3">
              <value>
                <![CDATA[btn_login]]>
              </value>
            </param>
            <param index="4">
              <value>
                <![CDATA[NA]]>
              </value>
            </param>
          </params>
          <reporter-output>
          </reporter-output>
        </test-method> <!-- test -->
      </class> <!-- com.Hybridframework -->
    </test> <!-- Default test -->
  </suite> <!-- Default suite -->
</testng-results>
