<?xml version="1.0" encoding="UTF-8"?>
<testng-results ignored="0" total="5" passed="5" failed="0" skipped="0">
  <reporter-output>
  </reporter-output>
  <suite started-at="2023-04-21T06:40:16 IST" name="Default suite" finished-at="2023-04-21T06:41:17 IST" duration-ms="60415">
    <groups>
    </groups>
    <test started-at="2023-04-21T06:40:16 IST" name="Default test" finished-at="2023-04-21T06:41:17 IST" duration-ms="60415">
      <class name="com.Datadriven">
        <test-method is-config="true" signature="openBrowser()[pri:0, instance:com.Datadriven@313ac989]" started-at="2023-04-21T06:40:16 IST" name="openBrowser" finished-at="2023-04-21T06:40:19 IST" duration-ms="3112" status="PASS">
          <reporter-output>
          </reporter-output>
        </test-method> <!-- openBrowser -->
        <test-method signature="login(java.lang.String,java.lang.String)[pri:0, instance:com.Datadriven@313ac989]" started-at="2023-04-21T06:40:21 IST" name="login" data-provider="dp" finished-at="2023-04-21T06:40:27 IST" duration-ms="6027" status="PASS">
          <params>
            <param index="0">
              <value>
                <![CDATA[test@gmail.com]]>
              </value>
            </param>
            <param index="1">
              <value>
                <![CDATA[test123]]>
              </value>
            </param>
          </params>
          <reporter-output>
          </reporter-output>
        </test-method> <!-- login -->
        <test-method signature="login(java.lang.String,java.lang.String)[pri:0, instance:com.Datadriven@313ac989]" started-at="2023-04-21T06:40:27 IST" name="login" data-provider="dp" finished-at="2023-04-21T06:40:33 IST" duration-ms="6096" status="PASS">
          <params>
            <param index="0">
              <value>
                <![CDATA[abc@gmail.com]]>
              </value>
            </param>
            <param index="1">
              <value>
                <![CDATA[abc13]]>
              </value>
            </param>
          </params>
          <reporter-output>
          </reporter-output>
        </test-method> <!-- login -->
        <test-method signature="login(java.lang.String,java.lang.String)[pri:0, instance:com.Datadriven@313ac989]" started-at="2023-04-21T06:40:33 IST" name="login" data-provider="dp" finished-at="2023-04-21T06:40:50 IST" duration-ms="17710" status="PASS">
          <params>
            <param index="0">
              <value>
                <![CDATA[xyz@gmail.com]]>
              </value>
            </param>
            <param index="1">
              <value>
                <![CDATA[xyz123]]>
              </value>
            </param>
          </params>
          <reporter-output>
          </reporter-output>
        </test-method> <!-- login -->
        <test-method signature="login(java.lang.String,java.lang.String)[pri:0, instance:com.Datadriven@313ac989]" started-at="2023-04-21T06:40:50 IST" name="login" data-provider="dp" finished-at="2023-04-21T06:41:05 IST" duration-ms="14353" status="PASS">
          <params>
            <param index="0">
              <value>
                <![CDATA[tech@gmail.com]]>
              </value>
            </param>
            <param index="1">
              <value>
                <![CDATA[stech123]]>
              </value>
            </param>
          </params>
          <reporter-output>
          </reporter-output>
        </test-method> <!-- login -->
        <test-method signature="login(java.lang.String,java.lang.String)[pri:0, instance:com.Datadriven@313ac989]" started-at="2023-04-21T06:41:05 IST" name="login" data-provider="dp" finished-at="2023-04-21T06:41:17 IST" duration-ms="11705" status="PASS">
          <params>
            <param index="0">
              <value>
                <![CDATA[xxs@gmail.com]]>
              </value>
            </param>
            <param index="1">
              <value>
                <![CDATA[asc123]]>
              </value>
            </param>
          </params>
          <reporter-output>
          </reporter-output>
        </test-method> <!-- login -->
      </class> <!-- com.Datadriven -->
    </test> <!-- Default test -->
  </suite> <!-- Default suite -->
</testng-results>
