<?xml version="1.0" encoding="UTF-8"?>
<!-- Generated by org.testng.reporters.JUnitXMLReporter -->
<testsuite ignored="0" hostname="LAPTOP-DOHQRCCL" failures="0" tests="6" name="Test2" time="0.012" errors="0" timestamp="2023-04-27T06:59:03 IST">
  <testcase classname="com.BankAccount" name="currentAccount" time="0.0"/>
  <testcase classname="com.BankAccount" name="loanAccount" time="0.001"/>
  <testcase classname="com.BankAccount" name="savingAccount" time="0.001"/>
  <testcase classname="com.Payment" name="cod" time="0.0"/>
  <testcase classname="com.Payment" name="creditcard" time="0.0"/>
  <testcase classname="com.Payment" name="debitcard" time="0.0"/>
</testsuite> <!-- Test2 -->
