<?xml version="1.0" encoding="UTF-8"?>
<testng-results ignored="0" total="1" passed="1" failed="0" skipped="0">
  <reporter-output>
  </reporter-output>
  <suite started-at="2023-05-17T08:48:20 IST" name="Default suite" finished-at="2023-05-17T08:48:27 IST" duration-ms="6481">
    <groups>
    </groups>
    <test started-at="2023-05-17T08:48:20 IST" name="Default test" finished-at="2023-05-17T08:48:27 IST" duration-ms="6481">
      <class name="testcase.MyTest2">
        <test-method signature="test()[pri:0, instance:testcase.MyTest2@7b9a4292]" started-at="2023-05-17T08:48:20 IST" name="test" finished-at="2023-05-17T08:48:27 IST" duration-ms="6428" status="PASS">
          <reporter-output>
          </reporter-output>
        </test-method> <!-- test -->
      </class> <!-- testcase.MyTest2 -->
    </test> <!-- Default test -->
  </suite> <!-- Default suite -->
</testng-results>
