<?xml version="1.0" encoding="UTF-8"?>
<!-- Generated by org.testng.reporters.JUnitXMLReporter -->
<testsuite ignored="0" hostname="LAPTOP-DOHQRCCL" failures="0" tests="3" name="Default test" time="28.822" errors="0" timestamp="2023-04-15T07:12:52 IST">
  <testcase classname="parameter.LoginTest_Multipleparamter" name="login" time="6.053"/>
  <testcase classname="parameter.LoginTest_Multipleparamter" name="login" time="13.722"/>
  <testcase classname="parameter.LoginTest_Multipleparamter" name="login" time="6.074"/>
</testsuite> <!-- Default test -->
