<?xml version="1.0" encoding="UTF-8"?>
<!-- Generated by org.testng.reporters.JUnitXMLReporter -->
<testsuite ignored="1" hostname="LAPTOP-DOHQRCCL" failures="0" tests="3" name="Default test" time="0.034" errors="0" timestamp="2023-04-29T07:07:26 IST">
  <testcase classname="basic.NewTest" name="alpha" time="0.005"/>
  <testcase classname="basic.NewTest" name="login" time="0.001"/>
  <testcase classname="basic.NewTest" name="beta" time="0.001"/>
  <testcase classname="basic.NewTest" name="home" time="0.0">
    <ignored/>
  </testcase> <!-- home -->
</testsuite> <!-- Default test -->
