<?xml version="1.0" encoding="UTF-8"?>
<!-- Generated by org.testng.reporters.JUnitXMLReporter -->
<testsuite ignored="5" hostname="LAPTOP-DOHQRCCL" failures="0" tests="1" name="smoke" time="0.063" errors="0" timestamp="2023-04-13T09:19:47 IST">
  <testcase classname="com.BankAccount" name="currentAccount" time="0.006"/>
  <testcase classname="com.BankAccount" name="savingAccount" time="0.0">
    <ignored/>
  </testcase> <!-- savingAccount -->
  <testcase classname="com.BankAccount" name="loanAccount" time="0.0">
    <ignored/>
  </testcase> <!-- loanAccount -->
  <testcase classname="com.Payment" name="cod" time="0.0">
    <ignored/>
  </testcase> <!-- cod -->
  <testcase classname="com.Payment" name="creditcard" time="0.0">
    <ignored/>
  </testcase> <!-- creditcard -->
  <testcase classname="com.Payment" name="debitcard" time="0.0">
    <ignored/>
  </testcase> <!-- debitcard -->
</testsuite> <!-- smoke -->
