<?xml version="1.0" encoding="UTF-8"?>
<!-- Generated by org.testng.reporters.JUnitXMLReporter -->
<testsuite ignored="4" hostname="LAPTOP-DOHQRCCL" failures="0" tests="2" name="Test2" time="0.028" errors="0" timestamp="2023-04-13T09:12:58 IST">
  <testcase classname="com.BankAccount" name="savingAccount" time="0.003"/>
  <testcase classname="com.Payment" name="debitcard" time="0.005"/>
  <testcase classname="com.BankAccount" name="currentAccount" time="0.0">
    <ignored/>
  </testcase> <!-- currentAccount -->
  <testcase classname="com.Payment" name="creditcard" time="0.0">
    <ignored/>
  </testcase> <!-- creditcard -->
  <testcase classname="com.BankAccount" name="loanAccount" time="0.0">
    <ignored/>
  </testcase> <!-- loanAccount -->
  <testcase classname="com.Payment" name="cod" time="0.0">
    <ignored/>
  </testcase> <!-- cod -->
</testsuite> <!-- Test2 -->
