<?xml version="1.0" encoding="UTF-8"?>
<!-- Generated by org.testng.reporters.JUnitXMLReporter -->
<testsuite ignored="1" hostname="LAPTOP-DOHQRCCL" failures="0" tests="9" name="Test1" time="0.391" errors="0" timestamp="2023-04-15T06:36:40 IST">
  <testcase classname="com.BankAccount" name="currentAccount" time="0.022"/>
  <testcase classname="com.BankAccount" name="loanAccount" time="0.003"/>
  <testcase classname="com.BankAccount" name="savingAccount" time="0.004"/>
  <testcase classname="com.Payment" name="cod" time="0.014"/>
  <testcase classname="com.Payment" name="creditcard" time="0.007"/>
  <testcase classname="com.Payment" name="debitcard" time="0.002"/>
  <testcase classname="basic.NewTest" name="alpha" time="0.005"/>
  <testcase classname="basic.NewTest" name="login" time="0.003"/>
  <testcase classname="basic.NewTest" name="beta" time="0.007"/>
  <testcase classname="basic.NewTest" name="home" time="0.0">
    <ignored/>
  </testcase> <!-- home -->
</testsuite> <!-- Test1 -->
