<?xml version="1.0" encoding="UTF-8"?>
<!-- Generated by org.testng.reporters.JUnitXMLReporter -->
<testsuite ignored="0" hostname="LAPTOP-DOHQRCCL" failures="2" tests="2" name="Test" time="7.812" errors="0" timestamp="2023-04-18T06:56:19 IST">
  <testcase classname="listener.FBTest" name="loginCheck" time="5.208">
    <failure type="java.lang.AssertionError" message="expected [Facebook – log in or sign up] but found [Log in]">
      <![CDATA[java.lang.AssertionError: expected [Facebook – log in or sign up] but found [Log in]
at listener.FBTest.loginCheck(FBTest.java:38)
at java.base/java.util.ArrayList.forEach(ArrayList.java:1511)
... Removed 33 stack frames]]>
    </failure>
  </testcase> <!-- loginCheck -->
  <testcase classname="listener.FBTest" name="titleCheck" time="2.233">
    <failure type="java.lang.AssertionError" message="expected [Facebook – log in or sign up] but found [Facebook – log in or sign]">
      <![CDATA[java.lang.AssertionError: expected [Facebook – log in or sign up] but found [Facebook – log in or sign]
at listener.FBTest.titleCheck(FBTest.java:22)
at java.base/java.util.ArrayList.forEach(ArrayList.java:1511)
... Removed 33 stack frames]]>
    </failure>
  </testcase> <!-- titleCheck -->
</testsuite> <!-- Test -->
