<?xml version="1.0" encoding="UTF-8"?>
<!-- Generated by org.testng.reporters.JUnitXMLReporter -->
<testsuite ignored="4" hostname="LAPTOP-DOHQRCCL" failures="0" tests="2" name="Test" time="0.094" errors="0" timestamp="2023-04-13T09:16:38 IST">
  <testcase classname="com.BankAccount" name="currentAccount" time="0.008"/>
  <testcase classname="com.Payment" name="creditcard" time="0.004"/>
  <testcase classname="com.BankAccount" name="savingAccount" time="0.0">
    <ignored/>
  </testcase> <!-- savingAccount -->
  <testcase classname="com.BankAccount" name="loanAccount" time="0.0">
    <ignored/>
  </testcase> <!-- loanAccount -->
  <testcase classname="com.Payment" name="cod" time="0.0">
    <ignored/>
  </testcase> <!-- cod -->
  <testcase classname="com.Payment" name="debitcard" time="0.0">
    <ignored/>
  </testcase> <!-- debitcard -->
</testsuite> <!-- Test -->
