<?xml version="1.0" encoding="UTF-8"?>
<!-- Generated by org.testng.reporters.JUnitXMLReporter -->
<testsuite ignored="0" hostname="LAPTOP-DOHQRCCL" failures="0" tests="5" name="Default test" time="60.415" errors="0" timestamp="2023-04-21T06:41:17 IST">
  <testcase classname="com.Datadriven" name="login" time="6.027"/>
  <testcase classname="com.Datadriven" name="login" time="6.096"/>
  <testcase classname="com.Datadriven" name="login" time="17.71"/>
  <testcase classname="com.Datadriven" name="login" time="14.353"/>
  <testcase classname="com.Datadriven" name="login" time="11.705"/>
</testsuite> <!-- Default test -->
