<?xml version="1.0" encoding="UTF-8"?>
<!-- Generated by org.testng.reporters.JUnitXMLReporter -->
<testsuite ignored="0" hostname="LAPTOP-DOHQRCCL" failures="0" tests="6" name="Default test" time="4.121" errors="0" timestamp="2023-04-22T07:03:43 IST">
  <testcase classname="com.Hybridframework" name="test" time="1.83"/>
  <testcase classname="com.Hybridframework" name="test" time="0.293"/>
  <testcase classname="com.Hybridframework" name="test" time="0.162"/>
  <testcase classname="com.Hybridframework" name="test" time="0.118"/>
  <testcase classname="com.Hybridframework" name="test" time="0.09"/>
  <testcase classname="com.Hybridframework" name="test" time="0.179"/>
</testsuite> <!-- Default test -->
