<?xml version="1.0" encoding="UTF-8"?>
<testng-results ignored="0" total="1" passed="1" failed="0" skipped="0">
  <reporter-output>
  </reporter-output>
  <suite started-at="2023-05-27T09:21:59 IST" name="Default suite" finished-at="2023-05-27T09:22:11 IST" duration-ms="12242">
    <groups>
    </groups>
    <test started-at="2023-05-27T09:21:59 IST" name="Default test" finished-at="2023-05-27T09:22:11 IST" duration-ms="12242">
      <class name="practice.MakeMyTrip">
        <test-method signature="test()[pri:0, instance:practice.MakeMyTrip@79e2c065]" started-at="2023-05-27T09:21:59 IST" name="test" finished-at="2023-05-27T09:22:11 IST" duration-ms="12188" status="PASS">
          <reporter-output>
          </reporter-output>
        </test-method> <!-- test -->
      </class> <!-- practice.MakeMyTrip -->
    </test> <!-- Default test -->
  </suite> <!-- Default suite -->
</testng-results>
