<?xml version="1.0" encoding="UTF-8"?>
<testng-results ignored="0" total="3" passed="3" failed="0" skipped="0">
  <reporter-output>
  </reporter-output>
  <suite started-at="2023-04-15T07:12:23 IST" name="Default suite" finished-at="2023-04-15T07:12:52 IST" duration-ms="28822">
    <groups>
    </groups>
    <test started-at="2023-04-15T07:12:23 IST" name="Default test" finished-at="2023-04-15T07:12:52 IST" duration-ms="28822">
      <class name="parameter.LoginTest_Multipleparamter">
        <test-method is-config="true" signature="openBrowser()[pri:0, instance:parameter.LoginTest_Multipleparamter@6cf0e0ba]" started-at="2023-04-15T07:12:23 IST" name="openBrowser" finished-at="2023-04-15T07:12:26 IST" duration-ms="2794" status="PASS">
          <reporter-output>
          </reporter-output>
        </test-method> <!-- openBrowser -->
        <test-method signature="login(java.lang.String,java.lang.String)[pri:0, instance:parameter.LoginTest_Multipleparamter@6cf0e0ba]" started-at="2023-04-15T07:12:26 IST" name="login" data-provider="dp" finished-at="2023-04-15T07:12:32 IST" duration-ms="6053" status="PASS">
          <params>
            <param index="0">
              <value>
                <![CDATA[test@gmail.com]]>
              </value>
            </param>
            <param index="1">
              <value>
                <![CDATA[test]]>
              </value>
            </param>
          </params>
          <reporter-output>
          </reporter-output>
        </test-method> <!-- login -->
        <test-method signature="login(java.lang.String,java.lang.String)[pri:0, instance:parameter.LoginTest_Multipleparamter@6cf0e0ba]" started-at="2023-04-15T07:12:32 IST" name="login" data-provider="dp" finished-at="2023-04-15T07:12:45 IST" duration-ms="13722" status="PASS">
          <params>
            <param index="0">
              <value>
                <![CDATA[tech@gmail.com]]>
              </value>
            </param>
            <param index="1">
              <value>
                <![CDATA[tech]]>
              </value>
            </param>
          </params>
          <reporter-output>
          </reporter-output>
        </test-method> <!-- login -->
        <test-method signature="login(java.lang.String,java.lang.String)[pri:0, instance:parameter.LoginTest_Multipleparamter@6cf0e0ba]" started-at="2023-04-15T07:12:45 IST" name="login" data-provider="dp" finished-at="2023-04-15T07:12:52 IST" duration-ms="6074" status="PASS">
          <params>
            <param index="0">
              <value>
                <![CDATA[abc@gmail.com]]>
              </value>
            </param>
            <param index="1">
              <value>
                <![CDATA[abc]]>
              </value>
            </param>
          </params>
          <reporter-output>
          </reporter-output>
        </test-method> <!-- login -->
      </class> <!-- parameter.LoginTest_Multipleparamter -->
    </test> <!-- Default test -->
  </suite> <!-- Default suite -->
</testng-results>
