<?xml version="1.0" encoding="UTF-8"?>
<testng-results ignored="8" total="12" passed="4" failed="0" skipped="0">
  <reporter-output>
  </reporter-output>
  <suite started-at="2023-04-13T09:19:47 IST" name="Suite" finished-at="2023-04-13T09:19:47 IST" duration-ms="140">
    <groups>
      <group name="smoke">
        <method signature="BankAccount.currentAccount()[pri:0, instance:com.BankAccount@2a798d51]" name="currentAccount" class="com.BankAccount"/>
        <method signature="Payment.creditcard()[pri:0, instance:com.Payment@7b2bbc3]" name="creditcard" class="com.Payment"/>
      </group> <!-- smoke -->
      <group name="sanity">
        <method signature="BankAccount.loanAccount()[pri:0, instance:com.BankAccount@48f2bd5b]" name="loanAccount" class="com.BankAccount"/>
        <method signature="Payment.creditcard()[pri:0, instance:com.Payment@7b2bbc3]" name="creditcard" class="com.Payment"/>
        <method signature="Payment.debitcard()[pri:0, instance:com.Payment@7b2bbc3]" name="debitcard" class="com.Payment"/>
      </group> <!-- sanity -->
    </groups>
    <test started-at="2023-04-13T09:19:47 IST" name="smoke" finished-at="2023-04-13T09:19:47 IST" duration-ms="63">
      <class name="com.BankAccount">
        <test-method signature="currentAccount()[pri:0, instance:com.BankAccount@2a798d51]" started-at="2023-04-13T09:19:47 IST" name="currentAccount" finished-at="2023-04-13T09:19:47 IST" duration-ms="6" status="PASS">
          <reporter-output>
          </reporter-output>
        </test-method> <!-- currentAccount -->
      </class> <!-- com.BankAccount -->
    </test> <!-- smoke -->
    <test started-at="2023-04-13T09:19:47 IST" name="sanity" finished-at="2023-04-13T09:19:47 IST" duration-ms="12">
      <class name="com.BankAccount">
        <test-method signature="loanAccount()[pri:0, instance:com.BankAccount@48f2bd5b]" started-at="2023-04-13T09:19:47 IST" name="loanAccount" finished-at="2023-04-13T09:19:47 IST" duration-ms="1" status="PASS">
          <reporter-output>
          </reporter-output>
        </test-method> <!-- loanAccount -->
      </class> <!-- com.BankAccount -->
      <class name="com.Payment">
        <test-method signature="creditcard()[pri:0, instance:com.Payment@7b2bbc3]" started-at="2023-04-13T09:19:47 IST" name="creditcard" finished-at="2023-04-13T09:19:47 IST" duration-ms="1" status="PASS">
          <reporter-output>
          </reporter-output>
        </test-method> <!-- creditcard -->
        <test-method signature="debitcard()[pri:0, instance:com.Payment@7b2bbc3]" started-at="2023-04-13T09:19:47 IST" name="debitcard" finished-at="2023-04-13T09:19:47 IST" duration-ms="1" status="PASS">
          <reporter-output>
          </reporter-output>
        </test-method> <!-- debitcard -->
      </class> <!-- com.Payment -->
    </test> <!-- sanity -->
  </suite> <!-- Suite -->
</testng-results>
